<?xml version="1.0" encoding="UTF-8"?>
<!-- Generated by org.testng.reporters.JUnitReportReporter -->
<testsuite skipped="0" hostname="DESKTOP-KCLRGFN" name="m01_2019.Sprint1.Tests" tests="3" failures="0" timestamp="30 Jan 2019 07:41:36 GMT" time="18.626" errors="0">
  <testcase name="TC01_Login" time="5.420" classname="m01_2019.Sprint1.Tests"/>
  <testcase name="TC02_Login2" time="7.770" classname="m01_2019.Sprint1.Tests"/>
  <testcase name="TC01_Login" time="5.436" classname="m01_2019.Sprint1.Tests"/>
</testsuite> <!-- m01_2019.Sprint1.Tests -->
