<?xml version="1.0" encoding="UTF-8"?>
<!-- Generated by org.testng.reporters.JUnitReportReporter -->
<testsuite skipped="0" hostname="DESKTOP-KCLRGFN" name="m01_2019.Sprint1.Tests" tests="1" failures="0" timestamp="09 Feb 2019 17:46:32 GMT" time="7.522" errors="0">
  <testcase name="recaptcha" time="7.522" classname="m01_2019.Sprint1.Tests"/>
</testsuite> <!-- m01_2019.Sprint1.Tests -->
