<?xml version="1.0" encoding="UTF-8"?>
<!-- Generated by org.testng.reporters.JUnitReportReporter -->
<testsuite skipped="0" hostname="DESKTOP-KCLRGFN" name="m01_2019.Sprint1.Tests" tests="3" failures="0" timestamp="30 Jan 2019 06:06:51 GMT" time="21.400" errors="0">
  <testcase name="TC01_Login" time="5.934" classname="m01_2019.Sprint1.Tests"/>
  <testcase name="TC02_Login2" time="9.597" classname="m01_2019.Sprint1.Tests"/>
  <testcase name="TC01_Login" time="5.869" classname="m01_2019.Sprint1.Tests"/>
</testsuite> <!-- m01_2019.Sprint1.Tests -->
