<?xml version="1.0" encoding="UTF-8"?>
<!-- Generated by org.testng.reporters.JUnitReportReporter -->
<testsuite skipped="0" hostname="DESKTOP-KCLRGFN" name="m01_2019.Sprint1.Tests" tests="3" failures="0" timestamp="28 Jan 2019 22:52:25 GMT" time="16.571" errors="0">
  <testcase name="TC01_Login" time="4.871" classname="m01_2019.Sprint1.Tests"/>
  <testcase name="TC02_Login2" time="7.065" classname="m01_2019.Sprint1.Tests"/>
  <testcase name="TC01_Login" time="4.635" classname="m01_2019.Sprint1.Tests"/>
</testsuite> <!-- m01_2019.Sprint1.Tests -->
