<?xml version="1.0" encoding="UTF-8"?>
<!-- Generated by org.testng.reporters.JUnitReportReporter -->
<testsuite skipped="0" hostname="DESKTOP-KCLRGFN" name="m01_2019.Sprint1.Tests" tests="2" failures="0" timestamp="02 Feb 2019 21:59:44 GMT" time="38.081" errors="0">
  <testcase name="TC01_Login" time="17.865" classname="m01_2019.Sprint1.Tests"/>
  <testcase name="TC01_Login" time="20.216" classname="m01_2019.Sprint1.Tests"/>
</testsuite> <!-- m01_2019.Sprint1.Tests -->
