<?xml version="1.0" encoding="UTF-8"?>
<!-- Generated by org.testng.reporters.JUnitReportReporter -->
<testsuite skipped="0" hostname="DESKTOP-KCLRGFN" name="m01_2019.Sprint1.Tests" tests="3" failures="0" timestamp="31 Jan 2019 03:58:04 GMT" time="20.640" errors="0">
  <testcase name="TC01_Login" time="5.814" classname="m01_2019.Sprint1.Tests"/>
  <testcase name="TC02_Login2" time="8.855" classname="m01_2019.Sprint1.Tests"/>
  <testcase name="TC01_Login" time="5.971" classname="m01_2019.Sprint1.Tests"/>
</testsuite> <!-- m01_2019.Sprint1.Tests -->
