<?xml version="1.0" encoding="UTF-8"?>
<!-- Generated by org.testng.reporters.JUnitReportReporter -->
<testsuite skipped="0" hostname="DESKTOP-KCLRGFN" name="m01_2019.Sprint1.Tests" tests="3" failures="0" timestamp="30 Jan 2019 06:12:36 GMT" time="22.908" errors="0">
  <testcase name="TC01_Login" time="6.430" classname="m01_2019.Sprint1.Tests"/>
  <testcase name="TC02_Login2" time="10.144" classname="m01_2019.Sprint1.Tests"/>
  <testcase name="TC01_Login" time="6.334" classname="m01_2019.Sprint1.Tests"/>
</testsuite> <!-- m01_2019.Sprint1.Tests -->
