<?xml version="1.0" encoding="UTF-8"?>
<!-- Generated by org.testng.reporters.JUnitReportReporter -->
<testsuite skipped="0" hostname="DESKTOP-KCLRGFN" name="m01_2019.Sprint1.Tests" tests="3" failures="0" timestamp="29 Jan 2019 02:01:00 GMT" time="25.253" errors="0">
  <testcase name="TC01_Login" time="7.727" classname="m01_2019.Sprint1.Tests"/>
  <testcase name="TC02_Login2" time="9.799" classname="m01_2019.Sprint1.Tests"/>
  <testcase name="TC01_Login" time="7.727" classname="m01_2019.Sprint1.Tests"/>
</testsuite> <!-- m01_2019.Sprint1.Tests -->
